<?xml version="1.0" encoding="UTF-8"?>
<!-- Generated by org.testng.reporters.JUnitXMLReporter -->
<testsuite ignored="2" hostname="LTIN496259" failures="0" tests="0" time="0.019" errors="0" timestamp="2025-04-29T18:27:07 IST">
  <testcase classname="E2E_Testcases.TC307_P0_E2E_MaterialCreation_YarnFabri" name="P0_TC06_E2E_MaterialCreation_YarnFabri" time="0.0">
    <ignored/>
  </testcase> <!-- P0_TC06_E2E_MaterialCreation_YarnFabri -->
  <testcase classname="E2E_Testcases.TC292_P0_E2E_CreateColors_Solid" name="P0_TC_292_E2E_CreateColors_Solid" time="0.0">
    <ignored/>
  </testcase> <!-- P0_TC_292_E2E_CreateColors_Solid -->
</testsuite>
