<?xml version="1.0" encoding="UTF-8"?>
<!-- Generated by org.testng.reporters.JUnitXMLReporter -->
<testsuite ignored="2" hostname="LTIN496259" failures="0" tests="2" name="SampleTest" time="114.264" errors="0" timestamp="2025-04-30T05:12:09 IST">
  <testcase classname="E2E_Testcases.TC292_P0_E2E_CreateColors_Solid" name="P0_TC_292_E2E_CreateColors_Solid" time="37.54"/>
  <testcase classname="E2E_Testcases.easytest" name="P0_TC_292_E2E_CreateColors_Solid" time="43.47"/>
  <testcase classname="com.WMS_Utilities.WMS_TestBase" name="@BeforeSuite beforeSuite" time="0.0">
    <ignored/>
  </testcase> <!-- @BeforeSuite beforeSuite -->
  <testcase classname="com.WMS_Utilities.WMS_TestBase" name="@AfterSuite afterSuite" time="0.0">
    <ignored/>
  </testcase> <!-- @AfterSuite afterSuite -->
</testsuite> <!-- SampleTest -->
