<?xml version="1.0" encoding="UTF-8"?>
<!-- Generated by org.testng.reporters.JUnitXMLReporter -->
<testsuite ignored="0" hostname="LTIN529064" failures="0" tests="0" name="P1_testcase_2" time="1.434" errors="0" timestamp="2024-10-22T11:49:21 IST">
  <testcase classname="com.WMS_Utilities.WMS_TestBase" name="@AfterTest tearDown" time="0.003">
    <failure type="java.lang.NullPointerException" message="Cannot invoke &amp;quot;org.openqa.selenium.WebDriver.quit()&amp;quot; because &amp;quot;this.driver&amp;quot; is null">
      <![CDATA[java.lang.NullPointerException: Cannot invoke "org.openqa.selenium.WebDriver.quit()" because "this.driver" is null
at com.WMS_Utilities.WMS_TestBase.tearDown(WMS_TestBase.java:347)
at java.base/java.util.concurrent.FutureTask.run(FutureTask.java:317)
at java.base/java.util.concurrent.ThreadPoolExecutor.runWorker(ThreadPoolExecutor.java:1144)
at java.base/java.util.concurrent.ThreadPoolExecutor$Worker.run(ThreadPoolExecutor.java:642)
at java.base/java.lang.Thread.run(Thread.java:1583)
... Removed 12 stack frames]]>
    </failure>
  </testcase> <!-- @AfterTest tearDown -->
</testsuite> <!-- P1_testcase_2 -->
