<?xml version="1.0" encoding="UTF-8"?>
<testng-results ignored="0" total="1" passed="1" failed="0" skipped="0">
  <reporter-output>
  </reporter-output>
  <suite started-at="2025-04-30T05:12:57 IST" name="Default suite" finished-at="2025-04-30T05:13:57 IST" duration-ms="60198">
    <groups>
      <group name="E2E_TC">
        <method signature="TC292_P0_E2E_CreateColors_Solid.P0_TC_292_E2E_CreateColors_Solid(java.lang.String,java.lang.String,java.lang.String,java.lang.String,java.lang.String,java.lang.String,java.lang.String,java.lang.String,java.lang.String,java.lang.String)[pri:0, instance:E2E_Testcases.TC292_P0_E2E_CreateColors_Solid@4f704591]" name="P0_TC_292_E2E_CreateColors_Solid" class="E2E_Testcases.TC292_P0_E2E_CreateColors_Solid"/>
      </group> <!-- E2E_TC -->
    </groups>
    <test started-at="2025-04-30T05:12:57 IST" name="Default test" finished-at="2025-04-30T05:13:57 IST" duration-ms="60198">
      <class name="E2E_Testcases.TC292_P0_E2E_CreateColors_Solid">
        <test-method is-config="true" signature="beforeSuite()[pri:0, instance:E2E_Testcases.TC292_P0_E2E_CreateColors_Solid@4f704591]" started-at="2025-04-30T05:12:57 IST" name="beforeSuite" finished-at="2025-04-30T05:12:57 IST" duration-ms="270" status="PASS">
          <reporter-output>
          </reporter-output>
        </test-method> <!-- beforeSuite -->
        <test-method is-config="true" signature="setUp()[pri:0, instance:E2E_Testcases.TC292_P0_E2E_CreateColors_Solid@4f704591]" started-at="2025-04-30T05:12:58 IST" name="setUp" finished-at="2025-04-30T05:13:18 IST" duration-ms="19257" status="PASS">
          <reporter-output>
          </reporter-output>
        </test-method> <!-- setUp -->
        <test-method signature="P0_TC_292_E2E_CreateColors_Solid(java.lang.String,java.lang.String,java.lang.String,java.lang.String,java.lang.String,java.lang.String,java.lang.String,java.lang.String,java.lang.String,java.lang.String)[pri:0, instance:E2E_Testcases.TC292_P0_E2E_CreateColors_Solid@4f704591]" started-at="2025-04-30T05:13:18 IST" name="P0_TC_292_E2E_CreateColors_Solid" data-provider="TC292_P0_E2E_CreateColors_Solid" finished-at="2025-04-30T05:13:56 IST" duration-ms="38089" status="PASS">
          <params>
            <param index="0">
              <value>
                <![CDATA[TC292_P0_E2E_CreateColors_Solid]]>
              </value>
            </param>
            <param index="1">
              <value>
                <![CDATA[Solid Colors]]>
              </value>
            </param>
            <param index="2">
              <value>
                <![CDATA[150]]>
              </value>
            </param>
            <param index="3">
              <value>
                <![CDATA[150]]>
              </value>
            </param>
            <param index="4">
              <value>
                <![CDATA[150]]>
              </value>
            </param>
            <param index="5">
              <value>
                <![CDATA[Tans]]>
              </value>
            </param>
            <param index="6">
              <value>
                <![CDATA[Scotdic]]>
              </value>
            </param>
            <param index="7">
              <value>
                <![CDATA[111187]]>
              </value>
            </param>
            <param index="8">
              <value>
                <![CDATA[AutomationTest_05]]>
              </value>
            </param>
            <param index="9">
              <value>
                <![CDATA[Levis_test_05]]>
              </value>
            </param>
          </params>
          <reporter-output>
          </reporter-output>
        </test-method> <!-- P0_TC_292_E2E_CreateColors_Solid -->
        <test-method is-config="true" signature="tearDown()[pri:0, instance:E2E_Testcases.TC292_P0_E2E_CreateColors_Solid@4f704591]" started-at="2025-04-30T05:13:56 IST" name="tearDown" finished-at="2025-04-30T05:13:57 IST" duration-ms="1399" status="PASS">
          <reporter-output>
          </reporter-output>
        </test-method> <!-- tearDown -->
        <test-method is-config="true" signature="afterSuite()[pri:0, instance:E2E_Testcases.TC292_P0_E2E_CreateColors_Solid@4f704591]" started-at="2025-04-30T05:13:57 IST" name="afterSuite" finished-at="2025-04-30T05:13:57 IST" duration-ms="0" status="PASS">
          <reporter-output>
          </reporter-output>
        </test-method> <!-- afterSuite -->
      </class> <!-- E2E_Testcases.TC292_P0_E2E_CreateColors_Solid -->
    </test> <!-- Default test -->
  </suite> <!-- Default suite -->
</testng-results>
