<?xml version="1.0" encoding="UTF-8"?>
<testng-results ignored="0" total="1" passed="1" failed="0" skipped="0">
  <reporter-output>
  </reporter-output>
  <suite started-at="2025-04-13T19:56:22 IST" name="Default suite" finished-at="2025-04-13T19:57:46 IST" duration-ms="83894">
    <groups>
      <group name="E2E_TC">
        <method signature="TC292_P0_E2E_CreateColors_Solid.P0_TC_292_E2E_CreateColors_Solid(java.lang.String,java.lang.String,java.lang.String,java.lang.String,java.lang.String,java.lang.String,java.lang.String,java.lang.String,java.lang.String,java.lang.String)[pri:0, instance:E2E_Testcases.TC292_P0_E2E_CreateColors_Solid@14008db3]" name="P0_TC_292_E2E_CreateColors_Solid" class="E2E_Testcases.TC292_P0_E2E_CreateColors_Solid"/>
      </group> <!-- E2E_TC -->
    </groups>
    <test started-at="2025-04-13T19:56:22 IST" name="Default test" finished-at="2025-04-13T19:57:46 IST" duration-ms="83894">
      <class name="E2E_Testcases.TC292_P0_E2E_CreateColors_Solid">
        <test-method is-config="true" signature="CreateSummary()[pri:0, instance:E2E_Testcases.TC292_P0_E2E_CreateColors_Solid@14008db3]" started-at="2025-04-13T19:56:22 IST" name="CreateSummary" finished-at="2025-04-13T19:56:22 IST" duration-ms="13" status="PASS">
          <reporter-output>
          </reporter-output>
        </test-method> <!-- CreateSummary -->
        <test-method is-config="true" signature="setUp()[pri:0, instance:E2E_Testcases.TC292_P0_E2E_CreateColors_Solid@14008db3]" started-at="2025-04-13T19:56:23 IST" name="setUp" finished-at="2025-04-13T19:57:03 IST" duration-ms="39569" status="PASS">
          <reporter-output>
          </reporter-output>
        </test-method> <!-- setUp -->
        <test-method signature="P0_TC_292_E2E_CreateColors_Solid(java.lang.String,java.lang.String,java.lang.String,java.lang.String,java.lang.String,java.lang.String,java.lang.String,java.lang.String,java.lang.String,java.lang.String)[pri:0, instance:E2E_Testcases.TC292_P0_E2E_CreateColors_Solid@14008db3]" started-at="2025-04-13T19:57:03 IST" name="P0_TC_292_E2E_CreateColors_Solid" data-provider="TC292_P0_E2E_CreateColors_Solid" finished-at="2025-04-13T19:57:45 IST" duration-ms="41588" status="PASS">
          <params>
            <param index="0">
              <value>
                <![CDATA[TC292_P0_E2E_CreateColors_Solid]]>
              </value>
            </param>
            <param index="1">
              <value>
                <![CDATA[Solid Colors]]>
              </value>
            </param>
            <param index="2">
              <value>
                <![CDATA[150]]>
              </value>
            </param>
            <param index="3">
              <value>
                <![CDATA[150]]>
              </value>
            </param>
            <param index="4">
              <value>
                <![CDATA[150]]>
              </value>
            </param>
            <param index="5">
              <value>
                <![CDATA[Tans]]>
              </value>
            </param>
            <param index="6">
              <value>
                <![CDATA[Scotdic]]>
              </value>
            </param>
            <param index="7">
              <value>
                <![CDATA[111187]]>
              </value>
            </param>
            <param index="8">
              <value>
                <![CDATA[AutomationTest_05]]>
              </value>
            </param>
            <param index="9">
              <value>
                <![CDATA[Levis_test_05]]>
              </value>
            </param>
          </params>
          <reporter-output>
          </reporter-output>
        </test-method> <!-- P0_TC_292_E2E_CreateColors_Solid -->
        <test-method is-config="true" signature="setUpend()[pri:0, instance:E2E_Testcases.TC292_P0_E2E_CreateColors_Solid@14008db3]" started-at="2025-04-13T19:57:45 IST" name="setUpend" finished-at="2025-04-13T19:57:46 IST" duration-ms="1445" status="PASS">
          <reporter-output>
          </reporter-output>
        </test-method> <!-- setUpend -->
        <test-method is-config="true" signature="afterMethod(org.testng.ITestResult)[pri:0, instance:E2E_Testcases.TC292_P0_E2E_CreateColors_Solid@14008db3]" started-at="2025-04-13T19:57:46 IST" name="afterMethod" finished-at="2025-04-13T19:57:46 IST" duration-ms="2" status="PASS">
          <params>
            <param index="0">
              <value>
                <![CDATA[[TestResult name=P0_TC_292_E2E_CreateColors_Solid status=SUCCESS method=TC292_P0_E2E_CreateColors_Solid.P0_TC_292_E2E_CreateColors_Solid(java.lang.String,java.lang.String,java.lang.String,java.lang.String,java.lang.String,java.lang.String,java.lang.String,java.lang.String,java.lang.String,java.lang.String)[pri:0, instance:E2E_Testcases.TC292_P0_E2E_CreateColors_Solid@14008db3] output={null}]]]>
              </value>
            </param>
          </params>
          <reporter-output>
          </reporter-output>
        </test-method> <!-- afterMethod -->
        <test-method is-config="true" signature="tearDown()[pri:0, instance:E2E_Testcases.TC292_P0_E2E_CreateColors_Solid@14008db3]" started-at="2025-04-13T19:57:46 IST" name="tearDown" finished-at="2025-04-13T19:57:46 IST" duration-ms="1" status="PASS">
          <reporter-output>
          </reporter-output>
        </test-method> <!-- tearDown -->
      </class> <!-- E2E_Testcases.TC292_P0_E2E_CreateColors_Solid -->
    </test> <!-- Default test -->
  </suite> <!-- Default suite -->
</testng-results>
