<?xml version="1.0" encoding="UTF-8"?>
<!-- Generated by org.testng.reporters.JUnitReportReporter -->
<testsuite hostname="LTIN529064" failures="0" tests="1" name="P1_Testcases.TC182_P1_addPD_GD_Designer_UpdateColorway" time="98.433" errors="0" timestamp="2024-10-18T16:12:36 IST" skipped="0">
  <testcase classname="P1_Testcases.TC182_P1_addPD_GD_Designer_UpdateColorway" name="P1_TC_Product_182_addPD_GD_updatecolorway" time="98.433"/>
</testsuite> <!-- P1_Testcases.TC182_P1_addPD_GD_Designer_UpdateColorway -->
